Counts per class before undersampling:
label
5    85074
2    75673
3    74067
4    47117
0    39162
1     3598
6     1143
Name: count, dtype: int64
Counts per class in the training dataset:
label
1    911
0    911
2    910
6    910
5    910
3    910
4    910
Name: count, dtype: int64
Counts per class in the imbalanced test dataset:
label
5    424
2    385
3    378
4    216
0    205
1     17
6      5
Name: count, dtype: int64
Counts per class in the balanced test datset:
label
5    228
2    228
6    228
4    228
3    228
1    227
0    227
Name: count, dtype: int64
Accuracy: 0.9356862745098039
Hyperparameter tuning: Update at max_depth = 8
Accuracy: 0.9443137254901961
Hyperparameter tuning: Update at max_depth = 16
Accuracy: 0.9388235294117647
Accuracy: 0.9419607843137255
Accuracy: 0.9419607843137255
Number of nodes: 325

Test on imbalanced dataset:
Test Accuracy: 0.9515337423312883
   Precision    Recall        F1
0   0.960976  0.951691  0.956311
1   1.000000  0.894737  0.944444
2   0.992208  0.987080  0.989637
3   0.955026  0.978320  0.966533
4   0.916667  0.860870  0.887892
5   0.922170  0.958333  0.939904
6   1.000000  0.500000  0.666667

Test on balanced dataset:
Test Accuracy: 0.9598494353826851
   Precision    Recall        F1
0   0.947137  0.934783  0.940919
1   0.986784  0.986784  0.986784
2   0.991228  0.991228  0.991228
3   0.951754  0.951754  0.951754
4   0.938596  0.934498  0.936543
5   0.925439  0.929515  0.927473
6   0.978070  0.991111  0.984547
