Counts per class before undersampling:
label
5    85074
2    75673
3    74067
4    47117
0    39162
1     3598
6     1143
Name: count, dtype: int64
Counts per class in the training dataset:
label
1    911
0    911
2    910
6    910
5    910
3    910
4    910
Name: count, dtype: int64
Counts per class in the imbalanced test dataset:
label
5    424
2    385
3    378
4    216
0    205
1     17
6      5
Name: count, dtype: int64
Counts per class in the balanced test datset:
label
5    228
2    228
6    228
4    228
3    228
1    227
0    227
Name: count, dtype: int64
Accuracy: 0.9639215686274509
Hyperparameter tuning: Update at N = 4
Accuracy: 0.9819607843137255
Hyperparameter tuning: Update at N = 64
Accuracy: 0.9803921568627451
Accuracy: 0.9803921568627451
Number of nodes: 24698

Test on imbalanced dataset:
Test Accuracy: 0.9699386503067484
   Precision    Recall        F1
0   0.970732  0.966019  0.968370
1   1.000000  1.000000  1.000000
2   0.992208  0.992208  0.992208
3   0.976190  0.984000  0.980080
4   0.939815  0.922727  0.931193
5   0.957547  0.973621  0.965517
6   1.000000  0.500000  0.666667

Test on balanced dataset:
Test Accuracy: 0.979297365119197
   Precision    Recall        F1
0   0.973568  0.969298  0.971429
1   0.995595  1.000000  0.997792
2   0.986842  0.982533  0.984683
3   0.986842  0.957447  0.971922
4   0.956140  0.995434  0.975391
5   0.973684  0.961039  0.967320
6   0.982456  0.991150  0.986784
